Solver command line: ['/Users/felix/opt/anaconda3/bin/cbc', '-ratio', '0.001', '-sec', '3600', '-printingOptions', 'all', '-import', '/var/folders/1z/xs11s8cd563_dhtnmk53bxpr0000gn/T/tmp4puskkph.pyomo.lp', '-stat=1', '-solve', '-solu', '/var/folders/1z/xs11s8cd563_dhtnmk53bxpr0000gn/T/tmp4puskkph.pyomo.soln']

Welcome to the CBC MILP Solver 
Version: 2.10.10 
Build Date: Aug  1 2023 

command line - /Users/felix/opt/anaconda3/bin/cbc -ratio 0.001 -sec 3600 -printingOptions all -import /var/folders/1z/xs11s8cd563_dhtnmk53bxpr0000gn/T/tmp4puskkph.pyomo.lp -stat=1 -solve -solu /var/folders/1z/xs11s8cd563_dhtnmk53bxpr0000gn/T/tmp4puskkph.pyomo.soln (default strategy 1)
ratioGap was changed from 0 to 0.001
seconds was changed from 1e+100 to 3600
Option for printingOptions changed from normal to all
Presolve 49790 (-528443) rows, 81373 (-444301) columns and 155598 (-1993229) elements
Statistics for presolved model


Problem has 49790 rows, 81373 columns (81373 with objective) and 155598 elements
There are 29730 singletons with objective 
Column breakdown:
0 of type 0.0->inf, 81372 of type 0.0->up, 0 of type lo->inf, 
1 of type lo->up, 0 of type free, 0 of type fixed, 
0 of type -inf->0.0, 0 of type -inf->up, 0 of type 0.0->1.0 
Row breakdown:
0 of type E 0.0, 0 of type E 1.0, 0 of type E -1.0, 
17520 of type E other, 0 of type G 0.0, 0 of type G 1.0, 
0 of type G other, 11292 of type L 0.0, 0 of type L 1.0, 
0 of type L other, 0 of type Range 0.0->1.0, 20978 of type Range other, 
0 of type Free 
Presolve 49790 (-528443) rows, 81373 (-444301) columns and 155598 (-1993229) elements
0  Obj 5647868.2 Primal inf 1963507 (17520) Dual inf 238548.13 (8360)
473  Obj -7520623.4 Primal inf 1430236.9 (17175)
946  Obj -5073895.6 Primal inf 1343916.7 (16832)
1419  Obj -2715275.6 Primal inf 1260258.9 (16490)
1892  Obj -427090.82 Primal inf 1181325.7 (16162)
2365  Obj 1886183.2 Primal inf 1100698.3 (15811)
2838  Obj 4107463.6 Primal inf 1023163.9 (15459)
3311  Obj 6207081.5 Primal inf 949717.3 (15112)
3784  Obj 8116555.9 Primal inf 883652.65 (14782)
4257  Obj 9937930.9 Primal inf 821075.03 (14454)
4730  Obj 11601490 Primal inf 760249.34 (14123)
5203  Obj 13244720 Primal inf 701543.32 (13795)
5676  Obj 14838495 Primal inf 645553.36 (13475)
6149  Obj 16410070 Primal inf 590787.2 (13145)
6622  Obj 17849543 Primal inf 540189.07 (12839)
7095  Obj 19212187 Primal inf 495017.81 (12558)
7568  Obj 20548530 Primal inf 453074.71 (12305)
8041  Obj 21864371 Primal inf 415286.16 (12065)
8514  Obj 23004967 Primal inf 382371.7 (11864)
8987  Obj 24058632 Primal inf 354526.39 (11669)
9460  Obj 25147625 Primal inf 327624.89 (11480)
9933  Obj 26154751 Primal inf 305076.15 (11326)
10406  Obj 27083088 Primal inf 283818.09 (11129)
10879  Obj 27882183 Primal inf 265793.54 (10955)
11352  Obj 28560359 Primal inf 249445.53 (10771)
11825  Obj 29252326 Primal inf 233710.83 (10597)
12298  Obj 29867291 Primal inf 219786.96 (10421)
12771  Obj 30483134 Primal inf 206174.81 (10217)
13244  Obj 31136905 Primal inf 193784.03 (9990)
13717  Obj 31644168 Primal inf 182501.33 (9765)
14190  Obj 32050920 Primal inf 172704.06 (9565)
14663  Obj 32442573 Primal inf 164115.22 (9387)
15136  Obj 32896711 Primal inf 155770.4 (9165)
15609  Obj 33361194 Primal inf 148976.74 (8961)
16082  Obj 33787518 Primal inf 143398.09 (8767)
16555  Obj 34203255 Primal inf 137764.56 (8567)
17028  Obj 34635113 Primal inf 130295.4 (8302)
17501  Obj 35087228 Primal inf 122416.86 (8023)
17974  Obj 35575256 Primal inf 113254.4 (7686)
18447  Obj 36068900 Primal inf 103085.05 (7327)
18920  Obj 36532458 Primal inf 93471.233 (6997)
19393  Obj 36992093 Primal inf 83118.359 (6636)
19866  Obj 37408587 Primal inf 72156.711 (6242)
20339  Obj 37711909 Primal inf 17536.903 (3813)
20812  Obj 37902624 Primal inf 9344.8443 (3109)
21285  Obj 37973421 Primal inf 9923.4119 (3458)
21758  Obj 38051889 Primal inf 4813.0896 (2109)
22231  Obj 38119010 Primal inf 2786.6435 (1597)
22704  Obj 38155759 Primal inf 574.89925 (1014)
23177  Obj 38168678 Primal inf 40.387956 (566)
23650  Obj 38169592 Primal inf 3.240609 (85)
23734  Obj 38169729
Optimal - objective value 38169729
After Postsolve, objective 38169729, infeasibilities - dual 0 (0), primal 1.5467943e-07 (1)
Presolved model was optimal, full model needs cleaning up
Optimal - objective value 38169729
Optimal objective 38169729.08 - 23734 iterations time 2.242, Presolve 0.84
Total time (CPU seconds):       6.10   (Wallclock seconds):       6.33


